<?xml version='1.0' encoding='UTF-8'?>
<testsuite hostname="MacBook-Air-de-Malo.local" name="MainSpec" tests="7" errors="0" failures="0" skipped="0" time="0.615" timestamp="2023-06-20T10:10:19">
          <properties>
      <property name="java.specification.version" value="20"/><property name="sun.jnu.encoding" value="UTF-8"/><property name="sun.arch.data.model" value="64"/><property name="java.vendor.url" value="https://github.com/Homebrew/homebrew-core/issues"/><property name="sun.boot.library.path" value="/usr/local/Cellar/openjdk/20.0.1/libexec/openjdk.jdk/Contents/Home/lib"/><property name="sun.java.command" value="/usr/local/Cellar/sbt/1.8.3/libexec/bin/sbt-launch.jar"/><property name="jdk.debug" value="release"/><property name="java.specification.vendor" value="Oracle Corporation"/><property name="java.version.date" value="2023-04-18"/><property name="java.home" value="/usr/local/Cellar/openjdk/20.0.1/libexec/openjdk.jdk/Contents/Home"/><property name="file.separator" value="/"/><property name="java.vm.compressedOopsMode" value="Zero based"/><property name="line.separator" value="
"/><property name="java.vm.specification.vendor" value="Oracle Corporation"/><property name="java.specification.name" value="Java Platform API Specification"/><property name="sun.management.compiler" value="HotSpot 64-Bit Tiered Compilers"/><property name="java.runtime.version" value="20.0.1"/><property name="user.name" value="malomiquel"/><property name="log4j.ignoreTCL" value="true"/><property name="file.encoding" value="UTF-8"/><property name="jnidispatch.path" value="/Users/malomiquel/Library/Caches/JNA/temp/jna5611792091682291469.tmp"/><property name="java.vendor.version" value="Homebrew"/><property name="jna.loaded" value="true"/><property name="java.io.tmpdir" value="/var/folders/8z/y_qn0cm50p9_frc6rdw_jmnh0000gn/T/"/><property name="java.version" value="20.0.1"/><property name="java.vm.specification.name" value="Java Virtual Machine Specification"/><property name="native.encoding" value="UTF-8"/><property name="java.library.path" value="/Users/malomiquel/Library/Java/Extensions:/Library/Java/Extensions:/Network/Library/Java/Extensions:/System/Library/Java/Extensions:/usr/lib/java:."/><property name="stderr.encoding" value="UTF-8"/><property name="java.vendor" value="Homebrew"/><property name="scala.ext.dirs" value="/Users/malomiquel/.sbt/1.0/java9-rt-ext-homebrew_20_0_1"/><property name="sun.io.unicode.encoding" value="UnicodeBig"/><property name="socksNonProxyHosts" value="local|*.local|169.254/16|*.169.254/16"/><property name="java.class.path" value="/usr/local/Cellar/sbt/1.8.3/libexec/bin/sbt-launch.jar"/><property name="java.vm.vendor" value="Homebrew"/><property name="jline.shutdownhook" value="false"/><property name="user.timezone" value="Europe/Paris"/><property name="java.vm.specification.version" value="20"/><property name="os.name" value="Mac OS X"/><property name="sun.java.launcher" value="SUN_STANDARD"/><property name="user.country" value="FR"/><property name="http.nonProxyHosts" value="local|*.local|169.254/16|*.169.254/16"/><property name="sun.cpu.endian" value="little"/><property name="user.home" value="/Users/malomiquel"/><property name="user.language" value="fr"/><property name="sbt.script" value="/usr/local/Cellar/sbt/1.8.3/libexec/bin/sbt"/><property name="sbt.ipcsocket.tmpdir" value="/var/folders/8z/y_qn0cm50p9_frc6rdw_jmnh0000gn/T/.sbtd4903ce9/ipcsocket"/><property name="swoval.tmpdir" value="/var/folders/8z/y_qn0cm50p9_frc6rdw_jmnh0000gn/T/.sbtd4903ce9/swoval"/><property name="apple.awt.application.name" value="Boot"/><property name="jline.esc.timeout" value="0"/><property name="ftp.nonProxyHosts" value="local|*.local|169.254/16|*.169.254/16"/><property name="stdout.encoding" value="UTF-8"/><property name="path.separator" value=":"/><property name="os.version" value="12.6.5"/><property name="jna.nosys" value="true"/><property name="java.runtime.name" value="OpenJDK Runtime Environment"/><property name="java.vm.name" value="OpenJDK 64-Bit Server VM"/><property name="jna.platform.library.path" value="/usr/lib:/usr/lib"/><property name="java.vendor.url.bug" value="https://github.com/Homebrew/homebrew-core/issues"/><property name="user.dir" value="/Users/malomiquel/Downloads/Exam-Scala/wikipages"/><property name="os.arch" value="x86_64"/><property name="java.vm.info" value="mixed mode, sharing"/><property name="java.vm.version" value="20.0.1"/><property name="java.class.version" value="64.0"/>
    </properties>
          <testcase classname="MainSpec" name="formatUrl should return a valid url" time="0.039">
                      
                    </testcase><testcase classname="MainSpec" name="parseJson should return a list of WikiPage" time="0.498">
                      
                    </testcase><testcase classname="MainSpec" name="totalWords should return 0 when the list is empty" time="0.001">
                      
                    </testcase><testcase classname="MainSpec" name="totalWords should return the total number of words when the list is not empty" time="0.001">
                      
                    </testcase><testcase classname="MainSpec" name="parseArguments should return an error when the arguments are not valid" time="0.074">
                      
                    </testcase><testcase classname="MainSpec" name="parseArguments should return an error when the required argument is not valid pass" time="0.001">
                      
                    </testcase><testcase classname="MainSpec" name="parseArguments should return a Config when the arguments are valid" time="0.001">
                      
                    </testcase>
          <system-out><![CDATA[]]></system-out>
          <system-err><![CDATA[]]></system-err>
        </testsuite>